<?xml version="1.0" encoding="UTF-8"?>
<!-- Generated by org.testng.reporters.JUnitReportReporter -->
<testsuite hostname="LAPTOP-5DBSC07H" failures="0" tests="4" name="com.qa.testngtest.NewTest2" time="0.017" errors="0" timestamp="2022-08-25T18:20:06 IST" skipped="0">
  <testcase classname="com.qa.testngtest.NewTest2" name="test7" time="0.001"/>
  <system-out/>
  <testcase classname="com.qa.testngtest.NewTest2" name="test5" time="0.014"/>
  <system-out/>
  <testcase classname="com.qa.testngtest.NewTest2" name="test8" time="0.001"/>
  <system-out/>
  <testcase classname="com.qa.testngtest.NewTest2" name="test6" time="0.001"/>
  <system-out/>
</testsuite> <!-- com.qa.testngtest.NewTest2 -->
