<?xml version="1.0" encoding="UTF-8"?>
<!-- Generated by org.testng.reporters.JUnitReportReporter -->
<testsuite hostname="LAPTOP-5DBSC07H" failures="0" tests="1" name="dataprovidertest.ReadDataFromExcel" time="0.636" errors="0" timestamp="2022-08-26T10:54:31 IST" skipped="0">
  <testcase classname="dataprovidertest.ReadDataFromExcel" name="getData" time="0.636"/>
  <system-out/>
</testsuite> <!-- dataprovidertest.ReadDataFromExcel -->
