<?xml version="1.0" encoding="UTF-8"?>
<!-- Generated by org.testng.reporters.JUnitReportReporter -->
<testsuite hostname="LAPTOP-5DBSC07H" failures="0" tests="1" name="parametersTest.PermaterTest" time="0.010" errors="0" timestamp="2022-08-25T18:02:21 IST" skipped="0">
  <testcase classname="parametersTest.PermaterTest" name="Testmethod" time="0.010"/>
  <system-out/>
</testsuite> <!-- parametersTest.PermaterTest -->
