<?xml version="1.0" encoding="UTF-8"?>
<!-- Generated by org.testng.reporters.JUnitReportReporter -->
<testsuite hostname="LAPTOP-5DBSC07H" failures="0" tests="4" name="com.qa.testngtest.NewTest" time="0.018" errors="0" timestamp="2022-08-25T18:20:06 IST" skipped="0">
  <testcase classname="com.qa.testngtest.NewTest" name="test4" time="0.006"/>
  <system-out/>
  <testcase classname="com.qa.testngtest.NewTest" name="test3" time="0.003"/>
  <system-out/>
  <testcase classname="com.qa.testngtest.NewTest" name="test2" time="0.004"/>
  <system-out/>
  <testcase classname="com.qa.testngtest.NewTest" name="test1" time="0.005"/>
  <system-out/>
</testsuite> <!-- com.qa.testngtest.NewTest -->
