<?xml version="1.0" encoding="UTF-8"?>
<!-- Generated by org.testng.reporters.JUnitReportReporter -->
<testsuite hostname="LAPTOP-5DBSC07H" failures="0" tests="4" name="com.qa.dependanceongroups.DependanceOnGroupsTest" time="0.021" errors="0" timestamp="2022-08-25T18:18:09 IST" skipped="0">
  <testcase classname="com.qa.dependanceongroups.DependanceOnGroupsTest" name="test2" time="0.002"/>
  <system-out/>
  <testcase classname="com.qa.dependanceongroups.DependanceOnGroupsTest" name="mainTest" time="0.008"/>
  <system-out/>
  <testcase classname="com.qa.dependanceongroups.DependanceOnGroupsTest" name="test3" time="0.002"/>
  <system-out/>
  <testcase classname="com.qa.dependanceongroups.DependanceOnGroupsTest" name="test1" time="0.009"/>
  <system-out/>
</testsuite> <!-- com.qa.dependanceongroups.DependanceOnGroupsTest -->
