<?xml version="1.0" encoding="UTF-8"?>
<!-- Generated by org.testng.reporters.JUnitReportReporter -->
<testsuite hostname="LAPTOP-5DBSC07H" failures="0" tests="1" name="testNGPractice.BeforeSuitAndBeforeCalss" time="0.006" errors="0" timestamp="2022-08-26T11:27:00 IST" skipped="0">
  <testcase classname="testNGPractice.BeforeSuitAndBeforeCalss" name="Test" time="0.006"/>
  <system-out/>
</testsuite> <!-- testNGPractice.BeforeSuitAndBeforeCalss -->
